<?xml version="1.0" encoding="UTF-8"?>
<!-- Generated by org.testng.reporters.JUnitXMLReporter -->
<testsuite hostname="LTCHN-47075" ignored="1" name="Default test(failed)" tests="1" failures="1" timestamp="2021-05-22T12:13:51 IST" time="15.169" errors="0">
  <testcase name="servicesName" time="0.005" classname="TestNG.ServiceSortOrder_TwoTestcases">
    <failure type="java.lang.Error" message="Unresolved compilation problems: 
	builder cannot be resolved
	sliding_icon cannot be resolved to a variable
">
      <![CDATA[java.lang.Error: Unresolved compilation problems: 
builder cannot be resolved
sliding_icon cannot be resolved to a variable

at TestNG.ServiceSortOrder_TwoTestcases.servicesName(ServiceSortOrder_TwoTestcases.java:42)
at java.util.ArrayList.forEach(Unknown Source)
... Removed 27 stack frames]]>
    </failure>
  </testcase> <!-- servicesName -->
  <testcase name="googlePlayStore" time="0.0" classname="TestNG.ServiceSortOrder_TwoTestcases">
    <ignored/>
  </testcase> <!-- googlePlayStore -->
</testsuite> <!-- Default test(failed) -->
