<?xml version="1.0" encoding="UTF-8"?>
<!-- Generated by org.testng.reporters.JUnitXMLReporter -->
<testsuite hostname="LTCHN-47075" ignored="0" name="Default test" tests="6" failures="0" timestamp="2021-05-27T19:57:37 IST" time="0.18" errors="0">
  <testcase name="firstname" time="0.015" classname="TestNG.SampleProgram"/>
  <testcase name="signOut" time="0.004" classname="TestNG.SampleProgram"/>
  <testcase name="setProfilePic" time="0.008" classname="TestNG.SampleProgram"/>
  <testcase name="deleteProfile" time="0.001" classname="TestNG.SampleProgram"/>
  <testcase name="deleteProfile" time="0.001" classname="TestNG.SampleProgram"/>
  <testcase name="reloadPage" time="0.002" classname="TestNG.SampleProgram"/>
</testsuite> <!-- Default test -->
