<?xml version="1.0" encoding="UTF-8"?>
<!-- Generated by org.testng.reporters.JUnitXMLReporter -->
<testsuite hostname="LTCHN-47075" ignored="2" name="Test" tests="4" failures="0" timestamp="2021-05-23T20:41:01 IST" time="0.046" errors="0">
  <testcase name="firstname" time="0.003" classname="TestNG.SampleProgram"/>
  <testcase name="setProfilePic" time="0.001" classname="TestNG.SampleProgram"/>
  <testcase name="deleteProfile" time="0.0" classname="TestNG.SampleProgram"/>
  <testcase name="deleteProfile" time="0.001" classname="TestNG.SampleProgram"/>
  <testcase name="reloadPage" time="0.0" classname="TestNG.SampleProgram">
    <ignored/>
  </testcase> <!-- reloadPage -->
  <testcase name="signOut" time="0.0" classname="TestNG.SampleProgram">
    <ignored/>
  </testcase> <!-- signOut -->
</testsuite> <!-- Test -->
