<?xml version="1.0" encoding="UTF-8"?>
<testng-results skipped="0" failed="0" ignored="2" total="6" passed="4">
  <reporter-output>
  </reporter-output>
  <suite name="Suite" duration-ms="46" started-at="2021-05-23T20:41:01 IST" finished-at="2021-05-23T20:41:01 IST">
    <groups>
      <group name="a">
        <method signature="SampleProgram.deleteProfile()[pri:2, instance:TestNG.SampleProgram@6f195bc3]" name="deleteProfile" class="TestNG.SampleProgram"/>
        <method signature="SampleProgram.firstname()[pri:0, instance:TestNG.SampleProgram@6f195bc3]" name="firstname" class="TestNG.SampleProgram"/>
        <method signature="SampleProgram.setProfilePic()[pri:1, instance:TestNG.SampleProgram@6f195bc3]" name="setProfilePic" class="TestNG.SampleProgram"/>
      </group> <!-- a -->
    </groups>
    <test name="Test" duration-ms="46" started-at="2021-05-23T20:41:01 IST" finished-at="2021-05-23T20:41:01 IST">
      <class name="TestNG.SampleProgram">
        <test-method status="PASS" signature="createAccount()[pri:0, instance:TestNG.SampleProgram@6f195bc3]" name="createAccount" is-config="true" duration-ms="2" started-at="2021-05-23T20:41:01 IST" finished-at="2021-05-23T20:41:01 IST">
          <reporter-output>
          </reporter-output>
        </test-method> <!-- createAccount -->
        <test-method status="PASS" signature="firstname()[pri:0, instance:TestNG.SampleProgram@6f195bc3]" name="firstname" duration-ms="3" started-at="2021-05-23T20:41:01 IST" finished-at="2021-05-23T20:41:01 IST">
          <reporter-output>
          </reporter-output>
        </test-method> <!-- firstname -->
        <test-method status="PASS" signature="setProfilePic()[pri:1, instance:TestNG.SampleProgram@6f195bc3]" name="setProfilePic" duration-ms="1" started-at="2021-05-23T20:41:01 IST" finished-at="2021-05-23T20:41:01 IST">
          <reporter-output>
          </reporter-output>
        </test-method> <!-- setProfilePic -->
        <test-method status="PASS" signature="createAccount()[pri:0, instance:TestNG.SampleProgram@6f195bc3]" name="createAccount" is-config="true" duration-ms="0" started-at="2021-05-23T20:41:01 IST" finished-at="2021-05-23T20:41:01 IST">
          <reporter-output>
          </reporter-output>
        </test-method> <!-- createAccount -->
        <test-method status="PASS" signature="createAccount()[pri:0, instance:TestNG.SampleProgram@6f195bc3]" name="createAccount" is-config="true" duration-ms="1" started-at="2021-05-23T20:41:01 IST" finished-at="2021-05-23T20:41:01 IST">
          <reporter-output>
          </reporter-output>
        </test-method> <!-- createAccount -->
        <test-method status="PASS" signature="createAccount()[pri:0, instance:TestNG.SampleProgram@6f195bc3]" name="createAccount" is-config="true" duration-ms="1" started-at="2021-05-23T20:41:01 IST" finished-at="2021-05-23T20:41:01 IST">
          <reporter-output>
          </reporter-output>
        </test-method> <!-- createAccount -->
        <test-method status="PASS" signature="deleteProfile()[pri:2, instance:TestNG.SampleProgram@6f195bc3]" name="deleteProfile" duration-ms="0" started-at="2021-05-23T20:41:01 IST" finished-at="2021-05-23T20:41:01 IST">
          <reporter-output>
          </reporter-output>
        </test-method> <!-- deleteProfile -->
        <test-method status="PASS" signature="deleteProfile()[pri:2, instance:TestNG.SampleProgram@6f195bc3]" name="deleteProfile" duration-ms="1" started-at="2021-05-23T20:41:01 IST" finished-at="2021-05-23T20:41:01 IST">
          <reporter-output>
          </reporter-output>
        </test-method> <!-- deleteProfile -->
      </class> <!-- TestNG.SampleProgram -->
    </test> <!-- Test -->
  </suite> <!-- Suite -->
</testng-results>
